[20-02-2024 12:58:51] WARN: Login required
[20-02-2024 13:08:05] ERROR: Unauthorized Action
[20-02-2024 13:11:10] WARN: Login required
[20-02-2024 13:50:03] ERROR: Unauthorized Action
[20-02-2024 14:10:34] WARN: Login required
[20-02-2024 14:16:48] WARN: Higher Access Level Required
[20-02-2024 17:59:37] WARN: Login required
[20-02-2024 18:00:33] FATAL: Admin Access Required
[20-02-2024 18:01:58] INFO: Welcome
[20-02-2024 18:11:35] ERROR: Cast to ObjectId failed for value "dhdhhdbduiweueuueue" (type string) at path "_id" for model "User"
    err: {
      "type": "CastError",
      "message": "Cast to ObjectId failed for value \"dhdhhdbduiweueuueue\" (type string) at path \"_id\" for model \"User\"",
      "stack":
          CastError: Cast to ObjectId failed for value "dhdhhdbduiweueuueue" (type string) at path "_id" for model "User"
              at model.Query.exec (C:\Users\ss\Desktop\Design Tech Empire\FintechBlog\node_modules\mongoose\lib\query.js:4927:21)
              at Query.then (C:\Users\ss\Desktop\Design Tech Empire\FintechBlog\node_modules\mongoose\lib\query.js:5026:15)
              at process.processTicksAndRejections (node:internal/process/task_queues:95:5)
      "stringValue": "\"dhdhhdbduiweueuueue\"",
      "kind": "ObjectId",
      "value": "dhdhhdbduiweueuueue",
      "path": "_id",
      "reason": {
        "type": "BSONTypeError",
        "message": "Argument passed in must be a string of 12 bytes or a string of 24 hex characters or an integer",
        "stack":
            BSONTypeError: Argument passed in must be a string of 12 bytes or a string of 24 hex characters or an integer
                at new BSONTypeError (C:\Users\ss\Desktop\Design Tech Empire\FintechBlog\node_modules\mongoose\node_modules\bson\lib\error.js:41:28)
                at new ObjectId (C:\Users\ss\Desktop\Design Tech Empire\FintechBlog\node_modules\mongoose\node_modules\bson\lib\objectid.js:67:23)
                at castObjectId (C:\Users\ss\Desktop\Design Tech Empire\FintechBlog\node_modules\mongoose\lib\cast\objectid.js:25:12)
                at ObjectId.cast (C:\Users\ss\Desktop\Design Tech Empire\FintechBlog\node_modules\mongoose\lib\schema\objectid.js:246:12)
                at SchemaType.applySetters (C:\Users\ss\Desktop\Design Tech Empire\FintechBlog\node_modules\mongoose\lib\schematype.js:1201:12)
                at SchemaType._castForQuery (C:\Users\ss\Desktop\Design Tech Empire\FintechBlog\node_modules\mongoose\lib\schematype.js:1648:15)
                at SchemaType.castForQuery (C:\Users\ss\Desktop\Design Tech Empire\FintechBlog\node_modules\mongoose\lib\schematype.js:1636:15)
                at SchemaType.castForQueryWrapper (C:\Users\ss\Desktop\Design Tech Empire\FintechBlog\node_modules\mongoose\lib\schematype.js:1612:20)
                at cast (C:\Users\ss\Desktop\Design Tech Empire\FintechBlog\node_modules\mongoose\lib\cast.js:349:32)
                at Query.cast (C:\Users\ss\Desktop\Design Tech Empire\FintechBlog\node_modules\mongoose\lib\query.js:5357:12)
      },
      "valueType": "string"
    }
[20-02-2024 18:14:16] ERROR: Cast to ObjectId failed for value "heerehheyeyeheuueueueu" (type string) at path "_id" for model "User"
    err: {
      "type": "CastError",
      "message": "Cast to ObjectId failed for value \"heerehheyeyeheuueueueu\" (type string) at path \"_id\" for model \"User\"",
      "stack":
          CastError: Cast to ObjectId failed for value "heerehheyeyeheuueueueu" (type string) at path "_id" for model "User"
              at model.Query.exec (C:\Users\ss\Desktop\Design Tech Empire\FintechBlog\node_modules\mongoose\lib\query.js:4927:21)
              at Query.then (C:\Users\ss\Desktop\Design Tech Empire\FintechBlog\node_modules\mongoose\lib\query.js:5026:15)
              at process.processTicksAndRejections (node:internal/process/task_queues:95:5)
      "stringValue": "\"heerehheyeyeheuueueueu\"",
      "kind": "ObjectId",
      "value": "heerehheyeyeheuueueueu",
      "path": "_id",
      "reason": {
        "type": "BSONTypeError",
        "message": "Argument passed in must be a string of 12 bytes or a string of 24 hex characters or an integer",
        "stack":
            BSONTypeError: Argument passed in must be a string of 12 bytes or a string of 24 hex characters or an integer
                at new BSONTypeError (C:\Users\ss\Desktop\Design Tech Empire\FintechBlog\node_modules\mongoose\node_modules\bson\lib\error.js:41:28)
                at new ObjectId (C:\Users\ss\Desktop\Design Tech Empire\FintechBlog\node_modules\mongoose\node_modules\bson\lib\objectid.js:67:23)
                at castObjectId (C:\Users\ss\Desktop\Design Tech Empire\FintechBlog\node_modules\mongoose\lib\cast\objectid.js:25:12)
                at ObjectId.cast (C:\Users\ss\Desktop\Design Tech Empire\FintechBlog\node_modules\mongoose\lib\schema\objectid.js:246:12)
                at SchemaType.applySetters (C:\Users\ss\Desktop\Design Tech Empire\FintechBlog\node_modules\mongoose\lib\schematype.js:1201:12)
                at SchemaType._castForQuery (C:\Users\ss\Desktop\Design Tech Empire\FintechBlog\node_modules\mongoose\lib\schematype.js:1648:15)
                at SchemaType.castForQuery (C:\Users\ss\Desktop\Design Tech Empire\FintechBlog\node_modules\mongoose\lib\schematype.js:1636:15)
                at SchemaType.castForQueryWrapper (C:\Users\ss\Desktop\Design Tech Empire\FintechBlog\node_modules\mongoose\lib\schematype.js:1612:20)
                at cast (C:\Users\ss\Desktop\Design Tech Empire\FintechBlog\node_modules\mongoose\lib\cast.js:349:32)
                at Query.cast (C:\Users\ss\Desktop\Design Tech Empire\FintechBlog\node_modules\mongoose\lib\query.js:5357:12)
      },
      "valueType": "string"
    }
[20-02-2024 18:16:29] INFO: No such user found
[20-02-2024 18:37:08] WARN: Login required
